docker : Traceback (most 
recent call last):
At line:1 char:1
+ docker exec 
hr_platform-backend-1 
python -m 
app.import_employees *>&1 
...
+ ~~~~~~~~~~~~~~~~~~~~~~~~
~~~~~~~~~~~~~~~~~~~~~~~~~~
~~~~~~~~~~~~~~~~~~~
    + CategoryInfo        
      : NotSpecified: (T  
  raceback (most recent   
  call last)::String)     
[], RemoteException
    + FullyQualifiedError 
   Id : NativeCommandErr  
  or
 
  File "/usr/local/lib/pyt
hon3.11/site-packages/sqla
lchemy/engine/base.py", 
line 1938, in 
_exec_single_context
    self.dialect.do_execut
emany(
  File "/usr/local/lib/pyt
hon3.11/site-packages/sqla
lchemy/dialects/postgresql
/psycopg2.py", line 794, 
in do_executemany
    cursor.executemany(sta
tement, parameters)
psycopg2.errors.ForeignKey
Violation: update or 
delete on table "users" 
violates foreign key 
constraint 
"courses_author_id_fkey" 
on table "courses"
DETAIL:  Key (id)=(1) is 
still referenced from 
table "courses".


The above exception was 
the direct cause of the 
following exception:

Traceback (most recent 
call last):
  File "/app/app/import_em
ployees.py", line 252, in 
<module>
    
delete_non_admin_users(db)
  File "/app/app/import_em
ployees.py", line 61, in 
delete_non_admin_users
    db.commit()
  File "/usr/local/lib/pyt
hon3.11/site-packages/sqla
lchemy/orm/session.py", 
line 1969, in commit
    trans.commit(_to_root=
True)
  File "<string>", line 
2, in commit
  File "/usr/local/lib/pyt
hon3.11/site-packages/sqla
lchemy/orm/state_changes.p
y", line 139, in _go
    ret_value = fn(self, 
*arg, **kw)
                
^^^^^^^^^^^^^^^^^^^^
  File "/usr/local/lib/pyt
hon3.11/site-packages/sqla
lchemy/orm/session.py", 
line 1256, in commit
    self._prepare_impl()
  File "<string>", line 
2, in _prepare_impl
  File "/usr/local/lib/pyt
hon3.11/site-packages/sqla
lchemy/orm/state_changes.p
y", line 139, in _go
    ret_value = fn(self, 
*arg, **kw)
                
^^^^^^^^^^^^^^^^^^^^
  File "/usr/local/lib/pyt
hon3.11/site-packages/sqla
lchemy/orm/session.py", 
line 1231, in 
_prepare_impl
    self.session.flush()
  File "/usr/local/lib/pyt
hon3.11/site-packages/sqla
lchemy/orm/session.py", 
line 4312, in flush
    self._flush(objects)
  File "/usr/local/lib/pyt
hon3.11/site-packages/sqla
lchemy/orm/session.py", 
line 4447, in _flush
    with 
util.safe_reraise():
  File "/usr/local/lib/pyt
hon3.11/site-packages/sqla
lchemy/util/langhelpers.py
", line 146, in __exit__
    raise exc_value.with_t
raceback(exc_tb)
  File "/usr/local/lib/pyt
hon3.11/site-packages/sqla
lchemy/orm/session.py", 
line 4408, in _flush
    
flush_context.execute()
  File "/usr/local/lib/pyt
hon3.11/site-packages/sqla
lchemy/orm/unitofwork.py",
 line 466, in execute
    rec.execute(self)
  File "/usr/local/lib/pyt
hon3.11/site-packages/sqla
lchemy/orm/unitofwork.py",
 line 679, in execute
    util.preloaded.orm_per
sistence.delete_obj(
  File "/usr/local/lib/pyt
hon3.11/site-packages/sqla
lchemy/orm/persistence.py"
, line 191, in delete_obj
    
_emit_delete_statements(
  File "/usr/local/lib/pyt
hon3.11/site-packages/sqla
lchemy/orm/persistence.py"
, line 1457, in 
_emit_delete_statements
    c = 
connection.execute(
        
^^^^^^^^^^^^^^^^^^^
  File "/usr/local/lib/pyt
hon3.11/site-packages/sqla
lchemy/engine/base.py", 
line 1416, in execute
    return meth(
           ^^^^^
  File "/usr/local/lib/pyt
hon3.11/site-packages/sqla
lchemy/sql/elements.py", 
line 517, in 
_execute_on_connection
    return connection._exe
cute_clauseelement(
           ^^^^^^^^^^^^^^^
^^^^^^^^^^^^^^^^^^^
  File "/usr/local/lib/pyt
hon3.11/site-packages/sqla
lchemy/engine/base.py", 
line 1639, in 
_execute_clauseelement
    ret = 
self._execute_context(
          
^^^^^^^^^^^^^^^^^^^^^^
  File "/usr/local/lib/pyt
hon3.11/site-packages/sqla
lchemy/engine/base.py", 
line 1848, in 
_execute_context
    return 
self._exec_single_context(
           
^^^^^^^^^^^^^^^^^^^^^^^^^^
  File "/usr/local/lib/pyt
hon3.11/site-packages/sqla
lchemy/engine/base.py", 
line 1988, in 
_exec_single_context
    self._handle_dbapi_exc
eption(
  File "/usr/local/lib/pyt
hon3.11/site-packages/sqla
lchemy/engine/base.py", 
line 2344, in 
_handle_dbapi_exception
    raise sqlalchemy_excep
tion.with_traceback(exc_in
fo[2]) from e
  File "/usr/local/lib/pyt
hon3.11/site-packages/sqla
lchemy/engine/base.py", 
line 1938, in 
_exec_single_context
    self.dialect.do_execut
emany(
  File "/usr/local/lib/pyt
hon3.11/site-packages/sqla
lchemy/dialects/postgresql
/psycopg2.py", line 794, 
in do_executemany
    cursor.executemany(sta
tement, parameters)
sqlalchemy.exc.IntegrityEr
ror: (psycopg2.errors.Fore
ignKeyViolation) update 
or delete on table 
"users" violates foreign 
key constraint 
"courses_author_id_fkey" 
on table "courses"
DETAIL:  Key (id)=(1) is 
still referenced from 
table "courses".

[SQL: DELETE FROM users 
WHERE users.id = %(id)s]
[parameters: [{'id': 1}, 
{'id': 2}, {'id': 3}, 
{'id': 4}, {'id': 5}, 
{'id': 6}, {'id': 7}, 
{'id': 8}  ... displaying 
10 of 242 total bound 
parameter sets ...  
{'id': 252}, {'id': 367}]]
(Background on this error 
at: https://sqlalche.me/e/
20/gkpj)
Traceback (most recent 
call last):
  File "/usr/local/lib/pyt
hon3.11/site-packages/sqla
lchemy/engine/base.py", 
line 1938, in 
_exec_single_context
    self.dialect.do_execut
emany(
  File "/usr/local/lib/pyt
hon3.11/site-packages/sqla
lchemy/dialects/postgresql
/psycopg2.py", line 794, 
in do_executemany
    cursor.executemany(sta
tement, parameters)
psycopg2.errors.ForeignKey
Violation: update or 
delete on table "users" 
violates foreign key 
constraint 
"courses_author_id_fkey" 
on table "courses"
DETAIL:  Key (id)=(1) is 
still referenced from 
table "courses".


The above exception was 
the direct cause of the 
following exception:

Traceback (most recent 
call last):
  File "<frozen runpy>", 
line 198, in 
_run_module_as_main
  File "<frozen runpy>", 
line 88, in _run_code
  File "/app/app/import_em
ployees.py", line 252, in 
<module>
    
delete_non_admin_users(db)
  File "/app/app/import_em
ployees.py", line 61, in 
delete_non_admin_users
    db.commit()
  File "/usr/local/lib/pyt
hon3.11/site-packages/sqla
lchemy/orm/session.py", 
line 1969, in commit
    trans.commit(_to_root=
True)
  File "<string>", line 
2, in commit
  File "/usr/local/lib/pyt
hon3.11/site-packages/sqla
lchemy/orm/state_changes.p
y", line 139, in _go
    ret_value = fn(self, 
*arg, **kw)
                
^^^^^^^^^^^^^^^^^^^^
  File "/usr/local/lib/pyt
hon3.11/site-packages/sqla
lchemy/orm/session.py", 
line 1256, in commit
    self._prepare_impl()
  File "<string>", line 
2, in _prepare_impl
  File "/usr/local/lib/pyt
hon3.11/site-packages/sqla
lchemy/orm/state_changes.p
y", line 139, in _go
    ret_value = fn(self, 
*arg, **kw)
                
^^^^^^^^^^^^^^^^^^^^
  File "/usr/local/lib/pyt
hon3.11/site-packages/sqla
lchemy/orm/session.py", 
line 1231, in 
_prepare_impl
    self.session.flush()
  File "/usr/local/lib/pyt
hon3.11/site-packages/sqla
lchemy/orm/session.py", 
line 4312, in flush
    self._flush(objects)
  File "/usr/local/lib/pyt
hon3.11/site-packages/sqla
lchemy/orm/session.py", 
line 4447, in _flush
    with 
util.safe_reraise():
  File "/usr/local/lib/pyt
hon3.11/site-packages/sqla
lchemy/util/langhelpers.py
", line 146, in __exit__
    raise exc_value.with_t
raceback(exc_tb)
  File "/usr/local/lib/pyt
hon3.11/site-packages/sqla
lchemy/orm/session.py", 
line 4408, in _flush
    
flush_context.execute()
  File "/usr/local/lib/pyt
hon3.11/site-packages/sqla
lchemy/orm/unitofwork.py",
 line 466, in execute
    rec.execute(self)
  File "/usr/local/lib/pyt
hon3.11/site-packages/sqla
lchemy/orm/unitofwork.py",
 line 679, in execute
    util.preloaded.orm_per
sistence.delete_obj(
  File "/usr/local/lib/pyt
hon3.11/site-packages/sqla
lchemy/orm/persistence.py"
, line 191, in delete_obj
    
_emit_delete_statements(
  File "/usr/local/lib/pyt
hon3.11/site-packages/sqla
lchemy/orm/persistence.py"
, line 1457, in 
_emit_delete_statements
    c = 
connection.execute(
        
^^^^^^^^^^^^^^^^^^^
  File "/usr/local/lib/pyt
hon3.11/site-packages/sqla
lchemy/engine/base.py", 
line 1416, in execute
    return meth(
           ^^^^^
  File "/usr/local/lib/pyt
hon3.11/site-packages/sqla
lchemy/sql/elements.py", 
line 517, in 
_execute_on_connection
    return connection._exe
cute_clauseelement(
           ^^^^^^^^^^^^^^^
^^^^^^^^^^^^^^^^^^^
  File "/usr/local/lib/pyt
hon3.11/site-packages/sqla
lchemy/engine/base.py", 
line 1639, in 
_execute_clauseelement
    ret = 
self._execute_context(
--- Cleaning up non-admin users ---
Fatal error: (psycopg2.errors.ForeignKeyViolation) update or delete on table "users" violates foreign key constraint "courses_author_id_fkey" on table "courses"
DETAIL:  Key (id)=(1) is still referenced from table "courses".

[SQL: DELETE FROM users WHERE users.id = %(id)s]
[parameters: [{'id': 1}, {'id': 2}, {'id': 3}, {'id': 4}, {'id': 5}, {'id': 6}, {'id': 7}, {'id': 8}  ... displaying 10 of 242 total bound parameter sets ...  {'id': 252}, {'id': 367}]]
(Background on this error at: https://sqlalche.me/e/20/gkpj)
          
^^^^^^^^^^^^^^^^^^^^^^
  File "/usr/local/lib/pyt
hon3.11/site-packages/sqla
lchemy/engine/base.py", 
line 1848, in 
_execute_context
    return 
self._exec_single_context(
           
^^^^^^^^^^^^^^^^^^^^^^^^^^
  File "/usr/local/lib/pyt
hon3.11/site-packages/sqla
lchemy/engine/base.py", 
line 1988, in 
_exec_single_context
    self._handle_dbapi_exc
eption(
  File "/usr/local/lib/pyt
hon3.11/site-packages/sqla
lchemy/engine/base.py", 
line 2344, in 
_handle_dbapi_exception
    raise sqlalchemy_excep
tion.with_traceback(exc_in
fo[2]) from e
  File "/usr/local/lib/pyt
hon3.11/site-packages/sqla
lchemy/engine/base.py", 
line 1938, in 
_exec_single_context
    self.dialect.do_execut
emany(
  File "/usr/local/lib/pyt
hon3.11/site-packages/sqla
lchemy/dialects/postgresql
/psycopg2.py", line 794, 
in do_executemany
    cursor.executemany(sta
tement, parameters)
sqlalchemy.exc.IntegrityEr
ror: (psycopg2.errors.Fore
ignKeyViolation) update 
or delete on table 
"users" violates foreign 
key constraint 
"courses_author_id_fkey" 
on table "courses"
DETAIL:  Key (id)=(1) is 
still referenced from 
table "courses".

[SQL: DELETE FROM users 
WHERE users.id = %(id)s]
[parameters: [{'id': 1}, 
{'id': 2}, {'id': 3}, 
{'id': 4}, {'id': 5}, 
{'id': 6}, {'id': 7}, 
{'id': 8}  ... displaying 
10 of 242 total bound 
parameter sets ...  
{'id': 252}, {'id': 367}]]
(Background on this error 
at: https://sqlalche.me/e/
20/gkpj)
